Current time: 2014-08-15 11:19:34.066047 UTC
ghc-7.4.1 ["--version"] succeeded with exit code 0
Standard output:
The Glorious Glasgow Haskell Compilation System, version 7.4.1

Standard error:
<empty>

ghc-pkg-7.4.1 ["--version"] succeeded with exit code 0
Standard output:
GHC package manager version 7.4.1

Standard error:
<empty>

cabal ["--version"] succeeded with exit code 0
Standard output:
cabal-install version 1.20.0.2
using version 1.20.0.0 of the Cabal library 

Standard error:
<empty>

ghc-7.4.1 ["--make","-outputdir","/home/massysett/rainbox/sunlight-22719","-o","/home/massysett/rainbox/sunlight-22719/Setup","Setup.hs"] succeeded with exit code 0
Standard output:
[1 of 1] Compiling Main             ( Setup.hs, /home/massysett/rainbox/sunlight-22719/Main.o )
Linking /home/massysett/rainbox/sunlight-22719/Setup ...

Standard error:
<empty>

/home/massysett/rainbox/sunlight-22719/Setup ["sdist","--output-directory=/home/massysett/rainbox/sunlight-22719/distDeps"] succeeded with exit code 0
Standard output:
Building source dist for rainbox-0.6.0.0...
Source directory created: /home/massysett/rainbox/sunlight-22719/distDeps

Standard error:
Warning: Cannot run preprocessors. Run 'configure' command first.

/home/massysett/rainbox/sunlight-22719/Setup ["sdist","--output-directory=/home/massysett/rainbox/sunlight-22719/distPkg"] succeeded with exit code 0
Standard output:
Building source dist for rainbox-0.6.0.0...
Source directory created: /home/massysett/rainbox/sunlight-22719/distPkg

Standard error:
Warning: Cannot run preprocessors. Run 'configure' command first.

ghc-pkg-7.4.1 ["init","/home/massysett/rainbox/sunlight-22719/db"] succeeded with exit code 0
Standard output:
<empty>

Standard error:
<empty>

cabal ["install","--verbose=2","--with-compiler=ghc-7.4.1","--with-hc-pkg=ghc-pkg-7.4.1","--prefix=/home/massysett/rainbox/sunlight-22719/prefix","--disable-library-profiling","--disable-executable-profiling","--package-db=clear","--package-db=global","--package-db=/home/massysett/rainbox/sunlight-22719/db","--enable-tests","--disable-documentation","--only-dependencies","--constraint=base==4.5.0.0","--constraint=rainbow==0.16.2.0","--constraint=text==0.11.3.1","--constraint=transformers==0.3.0.0","--constraint=array==0.4.0.0","--constraint=base==4.5.0.0","--constraint=rainbow==0.16.2.0","--constraint=text==0.11.3.1","--constraint=transformers==0.3.0.0","--constraint=array==0.4.0.0","--constraint=tasty==0.8","--constraint=tasty-quickcheck==0.8.1","--constraint=QuickCheck==2.7","--constraint=random==1.0.0.0","--constraint=barecheck==0.2.0.0","--constraint=rainbow-tests==0.16.2.0","--constraint=base==4.5.0.0","--constraint=rainbow==0.16.2.0","--constraint=text==0.11.3.1","--constraint=transformers==0.3.0.0","--constraint=array==0.4.0.0","--constraint=tasty==0.8","--constraint=tasty-quickcheck==0.8.1","--constraint=QuickCheck==2.7","--constraint=barecheck==0.2.0.0","--constraint=rainbow-tests==0.16.2.0","--constraint=base==4.5.0.0","--constraint=rainbow==0.16.2.0","--constraint=text==0.11.3.1","--constraint=transformers==0.3.0.0","--constraint=array==0.4.0.0","--constraint=tasty==0.8","--constraint=tasty-quickcheck==0.8.1","--constraint=QuickCheck==2.7","--constraint=random==1.0.0.0","--constraint=barecheck==0.2.0.0","--constraint=rainbow-tests==0.16.2.0"] FAILED with exit code 1
Standard output:
Reading available packages...
Choosing modular solver.
Resolving dependencies...

Standard error:
cabal: Could not resolve dependencies:
trying: rainbox-0.6.0.0 (user goal)
rejecting: rainbox-0.6.0.0:!test (global constraint requires opposite flag
selection)
trying: rainbox-0.6.0.0:*test
trying: rainbow-tests-0.16.2.0 (dependency of rainbox-0.6.0.0:*test)
next goal: QuickCheck (dependency of rainbox-0.6.0.0:*test)
rejecting: QuickCheck-2.7.6, 2.7.5, 2.7.4, 2.7.3, 2.7.2, 2.7.1 (global
constraint requires ==2.7)
rejecting: QuickCheck-2.7 (conflict: rainbow-tests => QuickCheck((>=2.7.5) &&
<2.8))
rejecting: QuickCheck-2.6, 2.5.1.1, 2.5.1, 2.5, 2.4.2, 2.4.1.1, 2.4.1,
2.4.0.1, 2.4, 2.3.0.2, 2.3.0.1, 2.3, 2.2, 2.1.2, 2.1.1.1, 2.1.1, 2.1.0.3,
2.1.0.2, 2.1.0.1, 2.1, 1.2.0.1, 1.2.0.0, 1.1.0.0, 1.0 (global constraint
requires ==2.7)
Dependency tree exhaustively searched.

ghc-pkg-7.4.1 ["list","--global","--package-conf=/home/massysett/rainbox/sunlight-22719/db"] succeeded with exit code 0
Standard output:
/opt/ghc/7.4.1/lib/ghc-7.4.1/package.conf.d:
    Cabal-1.14.0
    array-0.4.0.0
    base-4.5.0.0
    bin-package-db-0.0.0.0
    binary-0.5.1.0
    bytestring-0.9.2.1
    containers-0.4.2.1
    deepseq-1.3.0.0
    directory-1.1.0.2
    extensible-exceptions-0.1.1.4
    filepath-1.3.0.0
    (ghc-7.4.1)
    ghc-prim-0.2.0.0
    (haskell2010-1.1.0.1)
    (haskell98-2.0.0.1)
    hoopl-3.8.7.3
    hpc-0.5.1.1
    integer-gmp-0.4.0.0
    old-locale-1.0.0.4
    old-time-1.1.0.0
    pretty-1.1.1.0
    process-1.1.0.1
    rts-1.0
    template-haskell-2.7.0.0
    time-1.4
    unix-2.5.1.0

/home/massysett/rainbox/sunlight-22719/db:


Standard error:
<empty>

ghc ["--make","Setup.hs"] succeeded with exit code 0
Standard output:
[1 of 1] Compiling Main             ( Setup.hs, Setup.o )
Linking Setup ...

Standard error:
<empty>

./Setup ["configure","--verbose=2","--with-compiler=ghc-7.4.1","--with-hc-pkg=ghc-pkg-7.4.1","--prefix=/home/massysett/rainbox/sunlight-22719/prefix","--package-db=clear","--package-db=global","--package-db=/home/massysett/rainbox/sunlight-22719/db","--enable-tests"] FAILED with exit code 1
Standard output:
Configuring rainbox-0.6.0.0...

Standard error:
Setup: At least the following dependencies are missing:
QuickCheck ==2.7.*,
barecheck >=0.2.0.0 && <0.3,
rainbow >=0.16.2.0 && <0.17,
rainbow-tests ==0.16.2.0,
random >=1.0.0.0 && <1.1,
tasty ==0.8.*,
tasty-quickcheck >=0.8.1 && <0.9,
text >=0.11.3.1 && <1.2.0.0,
transformers >=0.3.0.0 && <0.5.0.0

./Setup ["build","--verbose=2"] FAILED with exit code 1
Standard output:
<empty>

Standard error:
Setup: Run the 'configure' command first.

./Setup ["install","--verbose=2"] FAILED with exit code 1
Standard output:
<empty>

Standard error:
Setup: Run the 'configure' command first.

ghc-pkg-7.4.1 ["list","--global","--package-conf=/home/massysett/rainbox/sunlight-22719/db"] succeeded with exit code 0
Standard output:
/opt/ghc/7.4.1/lib/ghc-7.4.1/package.conf.d:
    Cabal-1.14.0
    array-0.4.0.0
    base-4.5.0.0
    bin-package-db-0.0.0.0
    binary-0.5.1.0
    bytestring-0.9.2.1
    containers-0.4.2.1
    deepseq-1.3.0.0
    directory-1.1.0.2
    extensible-exceptions-0.1.1.4
    filepath-1.3.0.0
    (ghc-7.4.1)
    ghc-prim-0.2.0.0
    (haskell2010-1.1.0.1)
    (haskell98-2.0.0.1)
    hoopl-3.8.7.3
    hpc-0.5.1.1
    integer-gmp-0.4.0.0
    old-locale-1.0.0.4
    old-time-1.1.0.0
    pretty-1.1.1.0
    process-1.1.0.1
    rts-1.0
    template-haskell-2.7.0.0
    time-1.4
    unix-2.5.1.0

/home/massysett/rainbox/sunlight-22719/db:


Standard error:
<empty>

